

Version:	3.10
CmdLine:	C:\Users\Vecheka Chhourn\Desktop\Vecheka Chhourn\UWT\Winter 2018\301\vechec-tetris\TetrisGame.exe --l4j-debug
WOW64:		yes
Working dir:	C:\Users\Vecheka Chhourn\Desktop\Vecheka Chhourn\UWT\Winter 2018\301\vechec-tetris\.
Java min ver:	1.7.0
Java max ver:	
64-bit search:	SOFTWARE\JavaSoft\Java Runtime Environment...
Check:		SOFTWARE\JavaSoft\Java Runtime Environment\1.8
Check launcher:	C:\Program Files\Java\jre1.8.0_141\bin\javaw.exe (OK)
Match:		1.8
Check:		SOFTWARE\JavaSoft\Java Runtime Environment\1.8.0_141
Check launcher:	C:\Program Files\Java\jre1.8.0_141\bin\javaw.exe (OK)
Match:		1.8.0_141
Check:		SOFTWARE\JavaSoft\Java Runtime Environment\1.8.0_65
Ignore:		1.8.0_065
64-bit search:	SOFTWARE\JavaSoft\Java Development Kit...
Check:		SOFTWARE\JavaSoft\Java Development Kit\1.8
Ignore:		1.8
Check:		SOFTWARE\JavaSoft\Java Development Kit\1.8.0_65
Ignore:		1.8.0_065
64-bit search:	SOFTWARE\JavaSoft\JRE...
64-bit search:	SOFTWARE\JavaSoft\JDK...
Runtime used:	1.8.0_141 (64-bit)
Launcher:	C:\Program Files\Java\jre1.8.0_141\bin\javaw.exe
Launcher args:	-jar "C:\Users\Vecheka Chhourn\Desktop\Vecheka Chhourn\UWT\Winter 2018\301\vechec-tetris\TetrisGame.exe"
Args length:	104/32768 chars
Exit code:	0


Version:	3.10
CmdLine:	C:\Users\Vecheka Chhourn\Desktop\Vecheka Chhourn\UWT\Winter 2018\301\vechec-tetris\TetrisGame.exe --l4j-debug
WOW64:		yes
Working dir:	C:\Users\Vecheka Chhourn\Desktop\Vecheka Chhourn\UWT\Winter 2018\301\vechec-tetris\.
Java min ver:	1.7.0
Java max ver:	
64-bit search:	SOFTWARE\JavaSoft\Java Runtime Environment...
Check:		SOFTWARE\JavaSoft\Java Runtime Environment\1.8
Check launcher:	C:\Program Files\Java\jre1.8.0_141\bin\javaw.exe (OK)
Match:		1.8
Check:		SOFTWARE\JavaSoft\Java Runtime Environment\1.8.0_141
Check launcher:	C:\Program Files\Java\jre1.8.0_141\bin\javaw.exe (OK)
Match:		1.8.0_141
Check:		SOFTWARE\JavaSoft\Java Runtime Environment\1.8.0_65
Ignore:		1.8.0_065
64-bit search:	SOFTWARE\JavaSoft\Java Development Kit...
Check:		SOFTWARE\JavaSoft\Java Development Kit\1.8
Ignore:		1.8
Check:		SOFTWARE\JavaSoft\Java Development Kit\1.8.0_65
Ignore:		1.8.0_065
64-bit search:	SOFTWARE\JavaSoft\JRE...
64-bit search:	SOFTWARE\JavaSoft\JDK...
Runtime used:	1.8.0_141 (64-bit)
Launcher:	C:\Program Files\Java\jre1.8.0_141\bin\javaw.exe
Launcher args:	-jar "C:\Users\Vecheka Chhourn\Desktop\Vecheka Chhourn\UWT\Winter 2018\301\vechec-tetris\TetrisGame.exe"
Args length:	104/32768 chars
Exit code:	0


Version:	3.10
CmdLine:	C:\Users\Vecheka Chhourn\Desktop\Vecheka Chhourn\UWT\Winter 2018\301\vechec-tetris\TetrisGame.exe --l4j-debug
WOW64:		yes
Working dir:	C:\Users\Vecheka Chhourn\Desktop\Vecheka Chhourn\UWT\Winter 2018\301\vechec-tetris\.
Java min ver:	1.7.0
Java max ver:	
64-bit search:	SOFTWARE\JavaSoft\Java Runtime Environment...
Check:		SOFTWARE\JavaSoft\Java Runtime Environment\1.8
Check launcher:	C:\Program Files\Java\jre1.8.0_141\bin\javaw.exe (OK)
Match:		1.8
Check:		SOFTWARE\JavaSoft\Java Runtime Environment\1.8.0_141
Check launcher:	C:\Program Files\Java\jre1.8.0_141\bin\javaw.exe (OK)
Match:		1.8.0_141
Check:		SOFTWARE\JavaSoft\Java Runtime Environment\1.8.0_65
Ignore:		1.8.0_065
64-bit search:	SOFTWARE\JavaSoft\Java Development Kit...
Check:		SOFTWARE\JavaSoft\Java Development Kit\1.8
Ignore:		1.8
Check:		SOFTWARE\JavaSoft\Java Development Kit\1.8.0_65
Ignore:		1.8.0_065
64-bit search:	SOFTWARE\JavaSoft\JRE...
64-bit search:	SOFTWARE\JavaSoft\JDK...
Runtime used:	1.8.0_141 (64-bit)
Launcher:	C:\Program Files\Java\jre1.8.0_141\bin\javaw.exe
Launcher args:	-jar "C:\Users\Vecheka Chhourn\Desktop\Vecheka Chhourn\UWT\Winter 2018\301\vechec-tetris\TetrisGame.exe"
Args length:	104/32768 chars
Exit code:	0


Version:	3.10
CmdLine:	C:\Users\Vecheka Chhourn\Desktop\Vecheka Chhourn\UWT\Winter 2018\301\vechec-tetris\Tetris.exe --l4j-debug
WOW64:		yes
Working dir:	C:\Users\Vecheka Chhourn\Desktop\Vecheka Chhourn\UWT\Winter 2018\301\vechec-tetris\.
Java min ver:	1.7.0
Java max ver:	
64-bit search:	SOFTWARE\JavaSoft\Java Runtime Environment...
Check:		SOFTWARE\JavaSoft\Java Runtime Environment\1.8
Check launcher:	C:\Program Files\Java\jre1.8.0_141\bin\javaw.exe (OK)
Match:		1.8
Check:		SOFTWARE\JavaSoft\Java Runtime Environment\1.8.0_141
Check launcher:	C:\Program Files\Java\jre1.8.0_141\bin\javaw.exe (OK)
Match:		1.8.0_141
Check:		SOFTWARE\JavaSoft\Java Runtime Environment\1.8.0_65
Ignore:		1.8.0_065
64-bit search:	SOFTWARE\JavaSoft\Java Development Kit...
Check:		SOFTWARE\JavaSoft\Java Development Kit\1.8
Ignore:		1.8
Check:		SOFTWARE\JavaSoft\Java Development Kit\1.8.0_65
Ignore:		1.8.0_065
64-bit search:	SOFTWARE\JavaSoft\JRE...
64-bit search:	SOFTWARE\JavaSoft\JDK...
Runtime used:	1.8.0_141 (64-bit)
Launcher:	C:\Program Files\Java\jre1.8.0_141\bin\javaw.exe
Launcher args:	-jar "C:\Users\Vecheka Chhourn\Desktop\Vecheka Chhourn\UWT\Winter 2018\301\vechec-tetris\Tetris.exe"
Args length:	100/32768 chars
Exit code:	0


Version:	3.10
CmdLine:	C:\Users\Vecheka Chhourn\Desktop\Vecheka Chhourn\UWT\Winter 2018\301\vechec-tetris\Tetris.exe --l4j-debug
WOW64:		yes
Working dir:	C:\Users\Vecheka Chhourn\Desktop\Vecheka Chhourn\UWT\Winter 2018\301\vechec-tetris\.
Java min ver:	1.0.0
Java max ver:	
64-bit search:	SOFTWARE\JavaSoft\Java Runtime Environment...
Check:		SOFTWARE\JavaSoft\Java Runtime Environment\1.8
Check launcher:	C:\Program Files\Java\jre1.8.0_141\bin\javaw.exe (OK)
Match:		1.8
Check:		SOFTWARE\JavaSoft\Java Runtime Environment\1.8.0_141
Check launcher:	C:\Program Files\Java\jre1.8.0_141\bin\javaw.exe (OK)
Match:		1.8.0_141
Check:		SOFTWARE\JavaSoft\Java Runtime Environment\1.8.0_65
Ignore:		1.8.0_065
64-bit search:	SOFTWARE\JavaSoft\Java Development Kit...
Check:		SOFTWARE\JavaSoft\Java Development Kit\1.8
Ignore:		1.8
Check:		SOFTWARE\JavaSoft\Java Development Kit\1.8.0_65
Ignore:		1.8.0_065
64-bit search:	SOFTWARE\JavaSoft\JRE...
64-bit search:	SOFTWARE\JavaSoft\JDK...
Runtime used:	1.8.0_141 (64-bit)
Launcher:	C:\Program Files\Java\jre1.8.0_141\bin\javaw.exe
Launcher args:	-jar "C:\Users\Vecheka Chhourn\Desktop\Vecheka Chhourn\UWT\Winter 2018\301\vechec-tetris\Tetris.exe"
Args length:	100/32768 chars
Exit code:	0


Version:	3.10
CmdLine:	C:\Users\Vecheka Chhourn\Desktop\Vecheka Chhourn\UWT\Winter 2018\301\vechec-tetris\Tetris.exe --l4j-debug
WOW64:		yes
Working dir:	C:\Users\Vecheka Chhourn\Desktop\Vecheka Chhourn\UWT\Winter 2018\301\vechec-tetris\.
Java min ver:	1.0.0
Java max ver:	
64-bit search:	SOFTWARE\JavaSoft\Java Runtime Environment...
Check:		SOFTWARE\JavaSoft\Java Runtime Environment\1.8
Check launcher:	C:\Program Files\Java\jre1.8.0_141\bin\javaw.exe (OK)
Match:		1.8
Check:		SOFTWARE\JavaSoft\Java Runtime Environment\1.8.0_141
Check launcher:	C:\Program Files\Java\jre1.8.0_141\bin\javaw.exe (OK)
Match:		1.8.0_141
Check:		SOFTWARE\JavaSoft\Java Runtime Environment\1.8.0_65
Ignore:		1.8.0_065
64-bit search:	SOFTWARE\JavaSoft\Java Development Kit...
Check:		SOFTWARE\JavaSoft\Java Development Kit\1.8
Ignore:		1.8
Check:		SOFTWARE\JavaSoft\Java Development Kit\1.8.0_65
Ignore:		1.8.0_065
64-bit search:	SOFTWARE\JavaSoft\JRE...
64-bit search:	SOFTWARE\JavaSoft\JDK...
Runtime used:	1.8.0_141 (64-bit)
Launcher:	C:\Program Files\Java\jre1.8.0_141\bin\javaw.exe
Launcher args:	-jar "C:\Users\Vecheka Chhourn\Desktop\Vecheka Chhourn\UWT\Winter 2018\301\vechec-tetris\Tetris.exe"
Args length:	100/32768 chars
Exit code:	0


Version:	3.10
CmdLine:	C:\Users\Vecheka Chhourn\Desktop\Vecheka Chhourn\UWT\Winter 2018\301\vechec-tetris\Tetris.exe --l4j-debug
WOW64:		yes
Working dir:	C:\Users\Vecheka Chhourn\Desktop\Vecheka Chhourn\UWT\Winter 2018\301\vechec-tetris\.
Java min ver:	1.0.0
Java max ver:	
64-bit search:	SOFTWARE\JavaSoft\Java Runtime Environment...
Check:		SOFTWARE\JavaSoft\Java Runtime Environment\1.8
Check launcher:	C:\Program Files\Java\jre1.8.0_141\bin\javaw.exe (OK)
Match:		1.8
Check:		SOFTWARE\JavaSoft\Java Runtime Environment\1.8.0_141
Check launcher:	C:\Program Files\Java\jre1.8.0_141\bin\javaw.exe (OK)
Match:		1.8.0_141
Check:		SOFTWARE\JavaSoft\Java Runtime Environment\1.8.0_65
Ignore:		1.8.0_065
64-bit search:	SOFTWARE\JavaSoft\Java Development Kit...
Check:		SOFTWARE\JavaSoft\Java Development Kit\1.8
Ignore:		1.8
Check:		SOFTWARE\JavaSoft\Java Development Kit\1.8.0_65
Ignore:		1.8.0_065
64-bit search:	SOFTWARE\JavaSoft\JRE...
64-bit search:	SOFTWARE\JavaSoft\JDK...
Runtime used:	1.8.0_141 (64-bit)
Launcher:	C:\Program Files\Java\jre1.8.0_141\bin\javaw.exe
Launcher args:	-jar "C:\Users\Vecheka Chhourn\Desktop\Vecheka Chhourn\UWT\Winter 2018\301\vechec-tetris\Tetris.exe"
Args length:	100/32768 chars
Exit code:	0


Version:	3.10
CmdLine:	C:\Users\Vecheka Chhourn\Desktop\Vecheka Chhourn\UWT\Winter 2018\301\vechec-tetris\Tetris.exe --l4j-debug
WOW64:		yes
Working dir:	C:\Users\Vecheka Chhourn\Desktop\Vecheka Chhourn\UWT\Winter 2018\301\vechec-tetris\.
Java min ver:	1.0.0
Java max ver:	
64-bit search:	SOFTWARE\JavaSoft\Java Runtime Environment...
Check:		SOFTWARE\JavaSoft\Java Runtime Environment\1.8
Check launcher:	C:\Program Files\Java\jre1.8.0_141\bin\javaw.exe (OK)
Match:		1.8
Check:		SOFTWARE\JavaSoft\Java Runtime Environment\1.8.0_141
Check launcher:	C:\Program Files\Java\jre1.8.0_141\bin\javaw.exe (OK)
Match:		1.8.0_141
Check:		SOFTWARE\JavaSoft\Java Runtime Environment\1.8.0_65
Ignore:		1.8.0_065
64-bit search:	SOFTWARE\JavaSoft\Java Development Kit...
Check:		SOFTWARE\JavaSoft\Java Development Kit\1.8
Ignore:		1.8
Check:		SOFTWARE\JavaSoft\Java Development Kit\1.8.0_65
Ignore:		1.8.0_065
64-bit search:	SOFTWARE\JavaSoft\JRE...
64-bit search:	SOFTWARE\JavaSoft\JDK...
Runtime used:	1.8.0_141 (64-bit)
Launcher:	C:\Program Files\Java\jre1.8.0_141\bin\javaw.exe
Launcher args:	-jar "C:\Users\Vecheka Chhourn\Desktop\Vecheka Chhourn\UWT\Winter 2018\301\vechec-tetris\Tetris.exe"
Args length:	100/32768 chars
Exit code:	0
